{"/Users/stvreumi/dev/COVID-19_Taiwan_Dashboard/js/index.js": {"path":"/Users/stvreumi/dev/COVID-19_Taiwan_Dashboard/js/index.js","statementMap":{"0":{"start":{"line":22,"column":17},"end":{"line":22,"column":19}},"1":{"start":{"line":23,"column":14},"end":{"line":23,"column":16}},"2":{"start":{"line":24,"column":18},"end":{"line":24,"column":20}},"3":{"start":{"line":27,"column":14},"end":{"line":27,"column":23}},"4":{"start":{"line":29,"column":2},"end":{"line":41,"column":3}},"5":{"start":{"line":31,"column":19},"end":{"line":34,"column":6}},"6":{"start":{"line":35,"column":4},"end":{"line":35,"column":16}},"7":{"start":{"line":37,"column":4},"end":{"line":37,"column":23}},"8":{"start":{"line":38,"column":4},"end":{"line":40,"column":7}},"9":{"start":{"line":46,"column":2},"end":{"line":68,"column":3}},"10":{"start":{"line":56,"column":8},"end":{"line":56,"column":17}},"11":{"start":{"line":58,"column":4},"end":{"line":58,"column":73}},"12":{"start":{"line":59,"column":4},"end":{"line":59,"column":79}},"13":{"start":{"line":60,"column":4},"end":{"line":60,"column":67}},"14":{"start":{"line":61,"column":4},"end":{"line":61,"column":67}},"15":{"start":{"line":62,"column":4},"end":{"line":62,"column":67}},"16":{"start":{"line":63,"column":4},"end":{"line":63,"column":75}},"17":{"start":{"line":64,"column":4},"end":{"line":64,"column":61}},"18":{"start":{"line":65,"column":4},"end":{"line":65,"column":69}},"19":{"start":{"line":67,"column":4},"end":{"line":67,"column":23}},"20":{"start":{"line":73,"column":20},"end":{"line":73,"column":37}},"21":{"start":{"line":75,"column":2},"end":{"line":75,"column":24}},"22":{"start":{"line":76,"column":2},"end":{"line":76,"column":14}},"23":{"start":{"line":80,"column":14},"end":{"line":80,"column":24}},"24":{"start":{"line":82,"column":2},"end":{"line":141,"column":3}},"25":{"start":{"line":83,"column":19},"end":{"line":86,"column":6}},"26":{"start":{"line":88,"column":4},"end":{"line":125,"column":7}},"27":{"start":{"line":90,"column":22},"end":{"line":90,"column":26}},"28":{"start":{"line":91,"column":24},"end":{"line":91,"column":33}},"29":{"start":{"line":92,"column":24},"end":{"line":92,"column":30}},"30":{"start":{"line":93,"column":23},"end":{"line":93,"column":27}},"31":{"start":{"line":94,"column":22},"end":{"line":94,"column":27}},"32":{"start":{"line":95,"column":22},"end":{"line":95,"column":29}},"33":{"start":{"line":97,"column":26},"end":{"line":97,"column":47}},"34":{"start":{"line":98,"column":6},"end":{"line":98,"column":35}},"35":{"start":{"line":99,"column":6},"end":{"line":99,"column":29}},"36":{"start":{"line":101,"column":29},"end":{"line":101,"column":58}},"37":{"start":{"line":104,"column":8},"end":{"line":104,"column":86}},"38":{"start":{"line":106,"column":28},"end":{"line":106,"column":62}},"39":{"start":{"line":108,"column":26},"end":{"line":108,"column":48}},"40":{"start":{"line":112,"column":10},"end":{"line":112,"column":21}},"41":{"start":{"line":114,"column":24},"end":{"line":118,"column":7}},"42":{"start":{"line":119,"column":6},"end":{"line":119,"column":36}},"43":{"start":{"line":121,"column":6},"end":{"line":124,"column":86}},"44":{"start":{"line":127,"column":4},"end":{"line":129,"column":7}},"45":{"start":{"line":128,"column":6},"end":{"line":128,"column":45}},"46":{"start":{"line":130,"column":4},"end":{"line":130,"column":31}},"47":{"start":{"line":131,"column":4},"end":{"line":131,"column":20}},"48":{"start":{"line":132,"column":4},"end":{"line":132,"column":21}},"49":{"start":{"line":133,"column":4},"end":{"line":135,"column":7}},"50":{"start":{"line":137,"column":4},"end":{"line":137,"column":23}},"51":{"start":{"line":138,"column":4},"end":{"line":140,"column":7}},"52":{"start":{"line":146,"column":2},"end":{"line":146,"column":76}},"53":{"start":{"line":150,"column":2},"end":{"line":166,"column":3}},"54":{"start":{"line":150,"column":15},"end":{"line":150,"column":16}},"55":{"start":{"line":151,"column":17},"end":{"line":151,"column":65}},"56":{"start":{"line":152,"column":12},"end":{"line":152,"column":15}},"57":{"start":{"line":153,"column":12},"end":{"line":153,"column":22}},"58":{"start":{"line":154,"column":12},"end":{"line":154,"column":13}},"59":{"start":{"line":156,"column":4},"end":{"line":159,"column":5}},"60":{"start":{"line":157,"column":6},"end":{"line":157,"column":12}},"61":{"start":{"line":158,"column":6},"end":{"line":158,"column":12}},"62":{"start":{"line":161,"column":21},"end":{"line":161,"column":38}},"63":{"start":{"line":163,"column":4},"end":{"line":165,"column":7}},"64":{"start":{"line":179,"column":24},"end":{"line":179,"column":26}},"65":{"start":{"line":180,"column":2},"end":{"line":188,"column":5}},"66":{"start":{"line":181,"column":40},"end":{"line":181,"column":44}},"67":{"start":{"line":182,"column":31},"end":{"line":182,"column":54}},"68":{"start":{"line":183,"column":4},"end":{"line":187,"column":5}},"69":{"start":{"line":184,"column":6},"end":{"line":184,"column":55}},"70":{"start":{"line":186,"column":6},"end":{"line":186,"column":54}},"71":{"start":{"line":191,"column":2},"end":{"line":193,"column":5}},"72":{"start":{"line":192,"column":4},"end":{"line":192,"column":99}},"73":{"start":{"line":197,"column":2},"end":{"line":219,"column":5}},"74":{"start":{"line":220,"column":2},"end":{"line":239,"column":5}},"75":{"start":{"line":243,"column":2},"end":{"line":248,"column":3}},"76":{"start":{"line":244,"column":21},"end":{"line":244,"column":34}},"77":{"start":{"line":245,"column":4},"end":{"line":247,"column":5}},"78":{"start":{"line":246,"column":6},"end":{"line":246,"column":18}},"79":{"start":{"line":249,"column":2},"end":{"line":249,"column":19}},"80":{"start":{"line":254,"column":0},"end":{"line":254,"column":44}},"81":{"start":{"line":254,"column":20},"end":{"line":254,"column":42}},"82":{"start":{"line":255,"column":0},"end":{"line":255,"column":60}},"83":{"start":{"line":255,"column":27},"end":{"line":255,"column":58}}},"fnMap":{"0":{"name":"getTWData","decl":{"start":{"line":26,"column":15},"end":{"line":26,"column":24}},"loc":{"start":{"line":26,"column":27},"end":{"line":43,"column":1}},"line":26},"1":{"name":"renderData","decl":{"start":{"line":45,"column":9},"end":{"line":45,"column":19}},"loc":{"start":{"line":45,"column":31},"end":{"line":70,"column":1}},"line":45},"2":{"name":"render","decl":{"start":{"line":72,"column":15},"end":{"line":72,"column":21}},"loc":{"start":{"line":72,"column":24},"end":{"line":77,"column":1}},"line":72},"3":{"name":"nConVList","decl":{"start":{"line":79,"column":15},"end":{"line":79,"column":24}},"loc":{"start":{"line":79,"column":27},"end":{"line":143,"column":1}},"line":79},"4":{"name":"(anonymous_4)","decl":{"start":{"line":88,"column":17},"end":{"line":88,"column":18}},"loc":{"start":{"line":88,"column":27},"end":{"line":125,"column":5}},"line":88},"5":{"name":"(anonymous_5)","decl":{"start":{"line":127,"column":21},"end":{"line":127,"column":22}},"loc":{"start":{"line":127,"column":31},"end":{"line":129,"column":5}},"line":127},"6":{"name":"rgbToHex","decl":{"start":{"line":145,"column":9},"end":{"line":145,"column":17}},"loc":{"start":{"line":145,"column":27},"end":{"line":147,"column":1}},"line":145},"7":{"name":"renderSVGColor","decl":{"start":{"line":149,"column":9},"end":{"line":149,"column":23}},"loc":{"start":{"line":149,"column":26},"end":{"line":167,"column":1}},"line":149},"8":{"name":"countCityCase","decl":{"start":{"line":175,"column":9},"end":{"line":175,"column":22}},"loc":{"start":{"line":175,"column":36},"end":{"line":194,"column":1}},"line":175},"9":{"name":"(anonymous_9)","decl":{"start":{"line":180,"column":22},"end":{"line":180,"column":23}},"loc":{"start":{"line":180,"column":32},"end":{"line":188,"column":3}},"line":180},"10":{"name":"(anonymous_10)","decl":{"start":{"line":191,"column":37},"end":{"line":191,"column":38}},"loc":{"start":{"line":191,"column":46},"end":{"line":193,"column":3}},"line":191},"11":{"name":"nCovDataTable","decl":{"start":{"line":196,"column":9},"end":{"line":196,"column":22}},"loc":{"start":{"line":196,"column":25},"end":{"line":240,"column":1}},"line":196},"12":{"name":"findCityCode","decl":{"start":{"line":242,"column":9},"end":{"line":242,"column":21}},"loc":{"start":{"line":242,"column":37},"end":{"line":250,"column":1}},"line":242},"13":{"name":"(anonymous_13)","decl":{"start":{"line":254,"column":14},"end":{"line":254,"column":15}},"loc":{"start":{"line":254,"column":20},"end":{"line":254,"column":42}},"line":254},"14":{"name":"(anonymous_14)","decl":{"start":{"line":255,"column":21},"end":{"line":255,"column":22}},"loc":{"start":{"line":255,"column":27},"end":{"line":255,"column":58}},"line":255}},"branchMap":{"0":{"loc":{"start":{"line":101,"column":29},"end":{"line":101,"column":58}},"type":"cond-expr","locations":[{"start":{"line":101,"column":49},"end":{"line":101,"column":52}},{"start":{"line":101,"column":55},"end":{"line":101,"column":58}}],"line":101},"1":{"loc":{"start":{"line":104,"column":8},"end":{"line":104,"column":86}},"type":"cond-expr","locations":[{"start":{"line":104,"column":29},"end":{"line":104,"column":57}},{"start":{"line":104,"column":60},"end":{"line":104,"column":86}}],"line":104},"2":{"loc":{"start":{"line":156,"column":4},"end":{"line":159,"column":5}},"type":"if","locations":[{"start":{"line":156,"column":4},"end":{"line":159,"column":5}},{"start":{"line":156,"column":4},"end":{"line":159,"column":5}}],"line":156},"3":{"loc":{"start":{"line":183,"column":4},"end":{"line":187,"column":5}},"type":"if","locations":[{"start":{"line":183,"column":4},"end":{"line":187,"column":5}},{"start":{"line":183,"column":4},"end":{"line":187,"column":5}}],"line":183},"4":{"loc":{"start":{"line":245,"column":4},"end":{"line":247,"column":5}},"type":"if","locations":[{"start":{"line":245,"column":4},"end":{"line":247,"column":5}},{"start":{"line":245,"column":4},"end":{"line":247,"column":5}}],"line":245}},"s":{"0":1,"1":1,"2":1,"3":2,"4":2,"5":2,"6":1,"7":0,"8":0,"9":1,"10":1,"11":1,"12":1,"13":1,"14":1,"15":1,"16":1,"17":1,"18":1,"19":0,"20":1,"21":0,"22":0,"23":2,"24":2,"25":2,"26":2,"27":2,"28":2,"29":2,"30":2,"31":2,"32":2,"33":2,"34":2,"35":2,"36":2,"37":2,"38":2,"39":2,"40":2,"41":2,"42":2,"43":2,"44":2,"45":1,"46":2,"47":2,"48":2,"49":2,"50":0,"51":0,"52":42,"53":2,"54":2,"55":42,"56":42,"57":42,"58":42,"59":42,"60":0,"61":0,"62":42,"63":42,"64":3,"65":3,"66":6,"67":6,"68":6,"69":1,"70":5,"71":3,"72":5,"73":2,"74":2,"75":4,"76":25,"77":25,"78":4,"79":0,"80":1,"81":0,"82":1,"83":1},"f":{"0":2,"1":1,"2":1,"3":2,"4":2,"5":1,"6":42,"7":2,"8":3,"9":6,"10":5,"11":2,"12":4,"13":0,"14":1},"b":{"0":[1,1],"1":[1,1],"2":[0,42],"3":[1,5],"4":[4,21]},"_coverageSchema":"1a1c01bbd47fc00a2c39e90264f33305004495a9","hash":"9ecc662b2897497480d25bae38740634582e35d2"}
,"/Users/stvreumi/dev/COVID-19_Taiwan_Dashboard/js/sideBarRender.js": {"path":"/Users/stvreumi/dev/COVID-19_Taiwan_Dashboard/js/sideBarRender.js","statementMap":{"0":{"start":{"line":4,"column":2},"end":{"line":4,"column":37}},"1":{"start":{"line":6,"column":2},"end":{"line":15,"column":5}},"2":{"start":{"line":8,"column":4},"end":{"line":8,"column":23}},"3":{"start":{"line":9,"column":20},"end":{"line":9,"column":29}},"4":{"start":{"line":10,"column":20},"end":{"line":10,"column":29}},"5":{"start":{"line":11,"column":4},"end":{"line":14,"column":7}},"6":{"start":{"line":16,"column":2},"end":{"line":33,"column":5}},"7":{"start":{"line":17,"column":19},"end":{"line":17,"column":60}},"8":{"start":{"line":18,"column":18},"end":{"line":18,"column":53}},"9":{"start":{"line":19,"column":17},"end":{"line":19,"column":52}},"10":{"start":{"line":23,"column":4},"end":{"line":25,"column":103}},"11":{"start":{"line":30,"column":4},"end":{"line":32,"column":7}}},"fnMap":{"0":{"name":"sideBarRender","decl":{"start":{"line":3,"column":15},"end":{"line":3,"column":28}},"loc":{"start":{"line":3,"column":31},"end":{"line":34,"column":1}},"line":3},"1":{"name":"(anonymous_1)","decl":{"start":{"line":6,"column":28},"end":{"line":6,"column":29}},"loc":{"start":{"line":6,"column":40},"end":{"line":15,"column":3}},"line":6},"2":{"name":"(anonymous_2)","decl":{"start":{"line":16,"column":18},"end":{"line":16,"column":19}},"loc":{"start":{"line":16,"column":29},"end":{"line":26,"column":3}},"line":16},"3":{"name":"(anonymous_3)","decl":{"start":{"line":26,"column":5},"end":{"line":26,"column":6}},"loc":{"start":{"line":26,"column":16},"end":{"line":33,"column":3}},"line":26}},"branchMap":{},"s":{"0":1,"1":1,"2":0,"3":0,"4":0,"5":0,"6":1,"7":0,"8":0,"9":0,"10":0,"11":0},"f":{"0":1,"1":0,"2":0,"3":0},"b":{},"_coverageSchema":"1a1c01bbd47fc00a2c39e90264f33305004495a9","hash":"a4b00212d0fc0d854062c18f983d552ecdb250bb"}
}
