TN:
SF:js/index.js
FN:26,getTWData
FN:45,renderData
FN:72,render
FN:79,nConVList
FN:88,(anonymous_4)
FN:127,(anonymous_5)
FN:145,rgbToHex
FN:149,renderSVGColor
FN:175,countCityCase
FN:180,(anonymous_9)
FN:191,(anonymous_10)
FN:196,nCovDataTable
FN:242,findCityCode
FN:254,(anonymous_13)
FN:255,(anonymous_14)
FNF:15
FNH:14
FNDA:2,getTWData
FNDA:1,renderData
FNDA:1,render
FNDA:2,nConVList
FNDA:2,(anonymous_4)
FNDA:1,(anonymous_5)
FNDA:42,rgbToHex
FNDA:2,renderSVGColor
FNDA:3,countCityCase
FNDA:6,(anonymous_9)
FNDA:5,(anonymous_10)
FNDA:2,nCovDataTable
FNDA:4,findCityCode
FNDA:0,(anonymous_13)
FNDA:1,(anonymous_14)
DA:22,1
DA:23,1
DA:24,1
DA:27,2
DA:29,2
DA:31,2
DA:35,1
DA:37,0
DA:38,0
DA:46,1
DA:56,1
DA:58,1
DA:59,1
DA:60,1
DA:61,1
DA:62,1
DA:63,1
DA:64,1
DA:65,1
DA:67,0
DA:73,1
DA:75,0
DA:76,0
DA:80,2
DA:82,2
DA:83,2
DA:88,2
DA:90,2
DA:91,2
DA:92,2
DA:93,2
DA:94,2
DA:95,2
DA:97,2
DA:98,2
DA:99,2
DA:101,2
DA:104,2
DA:106,2
DA:108,2
DA:112,2
DA:114,2
DA:119,2
DA:121,2
DA:127,2
DA:128,1
DA:130,2
DA:131,2
DA:132,2
DA:133,2
DA:137,0
DA:138,0
DA:146,42
DA:150,2
DA:151,42
DA:152,42
DA:153,42
DA:154,42
DA:156,42
DA:157,0
DA:158,0
DA:161,42
DA:163,42
DA:179,3
DA:180,3
DA:181,6
DA:182,6
DA:183,6
DA:184,1
DA:186,5
DA:191,3
DA:192,5
DA:197,2
DA:220,2
DA:243,4
DA:244,25
DA:245,25
DA:246,4
DA:249,0
DA:254,1
DA:255,1
LF:81
LH:71
BRDA:101,0,0,1
BRDA:101,0,1,1
BRDA:104,1,0,1
BRDA:104,1,1,1
BRDA:156,2,0,0
BRDA:156,2,1,42
BRDA:183,3,0,1
BRDA:183,3,1,5
BRDA:245,4,0,4
BRDA:245,4,1,21
BRF:10
BRH:9
end_of_record
TN:
SF:js/sideBarRender.js
FN:3,sideBarRender
FN:6,(anonymous_1)
FN:16,(anonymous_2)
FN:26,(anonymous_3)
FNF:4
FNH:1
FNDA:1,sideBarRender
FNDA:0,(anonymous_1)
FNDA:0,(anonymous_2)
FNDA:0,(anonymous_3)
DA:4,1
DA:6,1
DA:8,0
DA:9,0
DA:10,0
DA:11,0
DA:16,1
DA:17,0
DA:18,0
DA:19,0
DA:23,0
DA:30,0
LF:12
LH:3
BRF:0
BRH:0
end_of_record
